The system is: Linux - 3.10.0-1160.119.1.el7.x86_64 - x86_64
Compiling the CXX compiler identification source file "CMakeCXXCompilerId.cpp" succeeded.
Compiler: /usr/bin/c++ 
Build flags: 
Id flags:  

The output was:
0


Compilation of the CXX compiler identification source "CMakeCXXCompilerId.cpp" produced "a.out"

The CXX compiler identification is GNU, found in "/home/dlr/Downloads/c-_Boost_Search/cpp-httplib/CMakeFiles/3.20.6/CompilerIdCXX/a.out"

Detecting CXX compiler ABI info compiled with the following output:
Change Dir: /home/dlr/Downloads/c-_Boost_Search/cpp-httplib/CMakeFiles/CMakeTmp

Run Build Command(s):/usr/bin/gmake -f Makefile cmTC_2c408/fast && /usr/bin/gmake  -f CMakeFiles/cmTC_2c408.dir/build.make CMakeFiles/cmTC_2c408.dir/build
gmake[1]: Entering directory `/home/dlr/Downloads/c-_Boost_Search/cpp-httplib/CMakeFiles/CMakeTmp'
Building CXX object CMakeFiles/cmTC_2c408.dir/CMakeCXXCompilerABI.cpp.o
/usr/bin/c++   -v -o CMakeFiles/cmTC_2c408.dir/CMakeCXXCompilerABI.cpp.o -c /home/dlr/Downloads/cmake-3.20.6-linux-x86_64/share/cmake-3.20/Modules/CMakeCXXCompilerABI.cpp
Using built-in specs.
COLLECT_GCC=/usr/bin/c++
Target: x86_64-pc-linux-gnu
Configured with: ../configure --enable-checking=release --enable-language=c,c++ --disable-multilib --prefix=/usr
Thread model: posix
gcc version 9.3.0 (GCC) 
COLLECT_GCC_OPTIONS='-v' '-o' 'CMakeFiles/cmTC_2c408.dir/CMakeCXXCompilerABI.cpp.o' '-c' '-shared-libgcc' '-mtune=generic' '-march=x86-64'
 /usr/libexec/gcc/x86_64-pc-linux-gnu/9.3.0/cc1plus -quiet -v -D_GNU_SOURCE /home/dlr/Downloads/cmake-3.20.6-linux-x86_64/share/cmake-3.20/Modules/CMakeCXXCompilerABI.cpp -quiet -dumpbase CMakeCXXCompilerABI.cpp -mtune=generic -march=x86-64 -auxbase-strip CMakeFiles/cmTC_2c408.dir/CMakeCXXCompilerABI.cpp.o -version -o /tmp/ccv6YfDJ.s
GNU C++14 (GCC) version 9.3.0 (x86_64-pc-linux-gnu)
	compiled by GNU C version 9.3.0, GMP version 6.1.0, MPFR version 3.1.4, MPC version 1.0.3, isl version isl-0.18-GMP

GGC heuristics: --param ggc-min-expand=100 --param ggc-min-heapsize=131072
ignoring duplicate directory "/usr/local/protobuf/include/"
ignoring nonexistent directory "/usr/lib/gcc/x86_64-pc-linux-gnu/9.3.0/../../../../x86_64-pc-linux-gnu/include"
#include "..." search starts here:
#include <...> search starts here:
 .
 /usr/local/protobuf/include/
 /usr/lib/gcc/x86_64-pc-linux-gnu/9.3.0/../../../../include/c++/9.3.0
 /usr/lib/gcc/x86_64-pc-linux-gnu/9.3.0/../../../../include/c++/9.3.0/x86_64-pc-linux-gnu
 /usr/lib/gcc/x86_64-pc-linux-gnu/9.3.0/../../../../include/c++/9.3.0/backward
 /usr/lib/gcc/x86_64-pc-linux-gnu/9.3.0/include
 /usr/local/include
 /usr/lib/gcc/x86_64-pc-linux-gnu/9.3.0/include-fixed
 /usr/include
End of search list.
GNU C++14 (GCC) version 9.3.0 (x86_64-pc-linux-gnu)
	compiled by GNU C version 9.3.0, GMP version 6.1.0, MPFR version 3.1.4, MPC version 1.0.3, isl version isl-0.18-GMP

GGC heuristics: --param ggc-min-expand=100 --param ggc-min-heapsize=131072
Compiler executable checksum: 646ce6b6ec901493f5c4967578b3bd48
COLLECT_GCC_OPTIONS='-v' '-o' 'CMakeFiles/cmTC_2c408.dir/CMakeCXXCompilerABI.cpp.o' '-c' '-shared-libgcc' '-mtune=generic' '-march=x86-64'
 as -v --64 -o CMakeFiles/cmTC_2c408.dir/CMakeCXXCompilerABI.cpp.o /tmp/ccv6YfDJ.s
GNU assembler version 2.27 (x86_64-redhat-linux) using BFD version version 2.27-44.base.el7_9.1
COMPILER_PATH=/usr/libexec/gcc/x86_64-pc-linux-gnu/9.3.0/:/usr/libexec/gcc/x86_64-pc-linux-gnu/9.3.0/:/usr/libexec/gcc/x86_64-pc-linux-gnu/:/usr/lib/gcc/x86_64-pc-linux-gnu/9.3.0/:/usr/lib/gcc/x86_64-pc-linux-gnu/
LIBRARY_PATH=/usr/lib/gcc/x86_64-pc-linux-gnu/9.3.0/:/usr/lib/gcc/x86_64-pc-linux-gnu/9.3.0/../../../../lib64/:/lib/../lib64/:/usr/lib/../lib64/:./:/usr/local/protobuf/lib/:/usr/local/protobuf/lib/:/usr/lib/gcc/x86_64-pc-linux-gnu/9.3.0/../../../:/lib/:/usr/lib/
COLLECT_GCC_OPTIONS='-v' '-o' 'CMakeFiles/cmTC_2c408.dir/CMakeCXXCompilerABI.cpp.o' '-c' '-shared-libgcc' '-mtune=generic' '-march=x86-64'
Linking CXX executable cmTC_2c408
/home/dlr/Downloads/cmake-3.20.6-linux-x86_64/bin/cmake -E cmake_link_script CMakeFiles/cmTC_2c408.dir/link.txt --verbose=1
/usr/bin/c++  -v CMakeFiles/cmTC_2c408.dir/CMakeCXXCompilerABI.cpp.o -o cmTC_2c408 
Using built-in specs.
COLLECT_GCC=/usr/bin/c++
COLLECT_LTO_WRAPPER=/usr/libexec/gcc/x86_64-pc-linux-gnu/9.3.0/lto-wrapper
Target: x86_64-pc-linux-gnu
Configured with: ../configure --enable-checking=release --enable-language=c,c++ --disable-multilib --prefix=/usr
Thread model: posix
gcc version 9.3.0 (GCC) 
COMPILER_PATH=/usr/libexec/gcc/x86_64-pc-linux-gnu/9.3.0/:/usr/libexec/gcc/x86_64-pc-linux-gnu/9.3.0/:/usr/libexec/gcc/x86_64-pc-linux-gnu/:/usr/lib/gcc/x86_64-pc-linux-gnu/9.3.0/:/usr/lib/gcc/x86_64-pc-linux-gnu/
LIBRARY_PATH=/usr/lib/gcc/x86_64-pc-linux-gnu/9.3.0/:/usr/lib/gcc/x86_64-pc-linux-gnu/9.3.0/../../../../lib64/:/lib/../lib64/:/usr/lib/../lib64/:./:/usr/local/protobuf/lib/:/usr/local/protobuf/lib/:/usr/lib/gcc/x86_64-pc-linux-gnu/9.3.0/../../../:/lib/:/usr/lib/
COLLECT_GCC_OPTIONS='-v' '-o' 'cmTC_2c408' '-shared-libgcc' '-mtune=generic' '-march=x86-64'
 /usr/libexec/gcc/x86_64-pc-linux-gnu/9.3.0/collect2 -plugin /usr/libexec/gcc/x86_64-pc-linux-gnu/9.3.0/liblto_plugin.so -plugin-opt=/usr/libexec/gcc/x86_64-pc-linux-gnu/9.3.0/lto-wrapper -plugin-opt=-fresolution=/tmp/cctb5tHL.res -plugin-opt=-pass-through=-lgcc_s -plugin-opt=-pass-through=-lgcc -plugin-opt=-pass-through=-lc -plugin-opt=-pass-through=-lgcc_s -plugin-opt=-pass-through=-lgcc --eh-frame-hdr -m elf_x86_64 -dynamic-linker /lib64/ld-linux-x86-64.so.2 -o cmTC_2c408 /usr/lib/gcc/x86_64-pc-linux-gnu/9.3.0/../../../../lib64/crt1.o /usr/lib/gcc/x86_64-pc-linux-gnu/9.3.0/../../../../lib64/crti.o /usr/lib/gcc/x86_64-pc-linux-gnu/9.3.0/crtbegin.o -L/usr/lib/gcc/x86_64-pc-linux-gnu/9.3.0 -L/usr/lib/gcc/x86_64-pc-linux-gnu/9.3.0/../../../../lib64 -L/lib/../lib64 -L/usr/lib/../lib64 -L. -L/usr/local/protobuf/lib -L/usr/local/protobuf/lib -L/usr/lib/gcc/x86_64-pc-linux-gnu/9.3.0/../../.. CMakeFiles/cmTC_2c408.dir/CMakeCXXCompilerABI.cpp.o -lstdc++ -lm -lgcc_s -lgcc -lc -lgcc_s -lgcc /usr/lib/gcc/x86_64-pc-linux-gnu/9.3.0/crtend.o /usr/lib/gcc/x86_64-pc-linux-gnu/9.3.0/../../../../lib64/crtn.o
COLLECT_GCC_OPTIONS='-v' '-o' 'cmTC_2c408' '-shared-libgcc' '-mtune=generic' '-march=x86-64'
gmake[1]: Leaving directory `/home/dlr/Downloads/c-_Boost_Search/cpp-httplib/CMakeFiles/CMakeTmp'



Parsed CXX implicit include dir info from above output: rv=done
  found start of include info
  found start of implicit include info
    add: [.]
    add: [/usr/local/protobuf/include/]
    add: [/usr/lib/gcc/x86_64-pc-linux-gnu/9.3.0/../../../../include/c++/9.3.0]
    add: [/usr/lib/gcc/x86_64-pc-linux-gnu/9.3.0/../../../../include/c++/9.3.0/x86_64-pc-linux-gnu]
    add: [/usr/lib/gcc/x86_64-pc-linux-gnu/9.3.0/../../../../include/c++/9.3.0/backward]
    add: [/usr/lib/gcc/x86_64-pc-linux-gnu/9.3.0/include]
    add: [/usr/local/include]
    add: [/usr/lib/gcc/x86_64-pc-linux-gnu/9.3.0/include-fixed]
    add: [/usr/include]
  end of search list found
  skipping relative include dir [.]
  collapse include dir [/usr/local/protobuf/include/] ==> [/usr/local/protobuf/include]
  collapse include dir [/usr/lib/gcc/x86_64-pc-linux-gnu/9.3.0/../../../../include/c++/9.3.0] ==> [/usr/include/c++/9.3.0]
  collapse include dir [/usr/lib/gcc/x86_64-pc-linux-gnu/9.3.0/../../../../include/c++/9.3.0/x86_64-pc-linux-gnu] ==> [/usr/include/c++/9.3.0/x86_64-pc-linux-gnu]
  collapse include dir [/usr/lib/gcc/x86_64-pc-linux-gnu/9.3.0/../../../../include/c++/9.3.0/backward] ==> [/usr/include/c++/9.3.0/backward]
  collapse include dir [/usr/lib/gcc/x86_64-pc-linux-gnu/9.3.0/include] ==> [/usr/lib/gcc/x86_64-pc-linux-gnu/9.3.0/include]
  collapse include dir [/usr/local/include] ==> [/usr/local/include]
  collapse include dir [/usr/lib/gcc/x86_64-pc-linux-gnu/9.3.0/include-fixed] ==> [/usr/lib/gcc/x86_64-pc-linux-gnu/9.3.0/include-fixed]
  collapse include dir [/usr/include] ==> [/usr/include]
  implicit include dirs: [/usr/local/protobuf/include;/usr/include/c++/9.3.0;/usr/include/c++/9.3.0/x86_64-pc-linux-gnu;/usr/include/c++/9.3.0/backward;/usr/lib/gcc/x86_64-pc-linux-gnu/9.3.0/include;/usr/local/include;/usr/lib/gcc/x86_64-pc-linux-gnu/9.3.0/include-fixed;/usr/include]


Parsed CXX implicit link information from above output:
  link line regex: [^( *|.*[/\])(ld|CMAKE_LINK_STARTFILE-NOTFOUND|([^/\]+-)?ld|collect2)[^/\]*( |$)]
  ignore line: [Change Dir: /home/dlr/Downloads/c-_Boost_Search/cpp-httplib/CMakeFiles/CMakeTmp]
  ignore line: []
  ignore line: [Run Build Command(s):/usr/bin/gmake -f Makefile cmTC_2c408/fast && /usr/bin/gmake  -f CMakeFiles/cmTC_2c408.dir/build.make CMakeFiles/cmTC_2c408.dir/build]
  ignore line: [gmake[1]: Entering directory `/home/dlr/Downloads/c-_Boost_Search/cpp-httplib/CMakeFiles/CMakeTmp']
  ignore line: [Building CXX object CMakeFiles/cmTC_2c408.dir/CMakeCXXCompilerABI.cpp.o]
  ignore line: [/usr/bin/c++   -v -o CMakeFiles/cmTC_2c408.dir/CMakeCXXCompilerABI.cpp.o -c /home/dlr/Downloads/cmake-3.20.6-linux-x86_64/share/cmake-3.20/Modules/CMakeCXXCompilerABI.cpp]
  ignore line: [Using built-in specs.]
  ignore line: [COLLECT_GCC=/usr/bin/c++]
  ignore line: [Target: x86_64-pc-linux-gnu]
  ignore line: [Configured with: ../configure --enable-checking=release --enable-language=c c++ --disable-multilib --prefix=/usr]
  ignore line: [Thread model: posix]
  ignore line: [gcc version 9.3.0 (GCC) ]
  ignore line: [COLLECT_GCC_OPTIONS='-v' '-o' 'CMakeFiles/cmTC_2c408.dir/CMakeCXXCompilerABI.cpp.o' '-c' '-shared-libgcc' '-mtune=generic' '-march=x86-64']
  ignore line: [ /usr/libexec/gcc/x86_64-pc-linux-gnu/9.3.0/cc1plus -quiet -v -D_GNU_SOURCE /home/dlr/Downloads/cmake-3.20.6-linux-x86_64/share/cmake-3.20/Modules/CMakeCXXCompilerABI.cpp -quiet -dumpbase CMakeCXXCompilerABI.cpp -mtune=generic -march=x86-64 -auxbase-strip CMakeFiles/cmTC_2c408.dir/CMakeCXXCompilerABI.cpp.o -version -o /tmp/ccv6YfDJ.s]
  ignore line: [GNU C++14 (GCC) version 9.3.0 (x86_64-pc-linux-gnu)]
  ignore line: [	compiled by GNU C version 9.3.0  GMP version 6.1.0  MPFR version 3.1.4  MPC version 1.0.3  isl version isl-0.18-GMP]
  ignore line: []
  ignore line: [GGC heuristics: --param ggc-min-expand=100 --param ggc-min-heapsize=131072]
  ignore line: [ignoring duplicate directory "/usr/local/protobuf/include/"]
  ignore line: [ignoring nonexistent directory "/usr/lib/gcc/x86_64-pc-linux-gnu/9.3.0/../../../../x86_64-pc-linux-gnu/include"]
  ignore line: [#include "..." search starts here:]
  ignore line: [#include <...> search starts here:]
  ignore line: [ .]
  ignore line: [ /usr/local/protobuf/include/]
  ignore line: [ /usr/lib/gcc/x86_64-pc-linux-gnu/9.3.0/../../../../include/c++/9.3.0]
  ignore line: [ /usr/lib/gcc/x86_64-pc-linux-gnu/9.3.0/../../../../include/c++/9.3.0/x86_64-pc-linux-gnu]
  ignore line: [ /usr/lib/gcc/x86_64-pc-linux-gnu/9.3.0/../../../../include/c++/9.3.0/backward]
  ignore line: [ /usr/lib/gcc/x86_64-pc-linux-gnu/9.3.0/include]
  ignore line: [ /usr/local/include]
  ignore line: [ /usr/lib/gcc/x86_64-pc-linux-gnu/9.3.0/include-fixed]
  ignore line: [ /usr/include]
  ignore line: [End of search list.]
  ignore line: [GNU C++14 (GCC) version 9.3.0 (x86_64-pc-linux-gnu)]
  ignore line: [	compiled by GNU C version 9.3.0  GMP version 6.1.0  MPFR version 3.1.4  MPC version 1.0.3  isl version isl-0.18-GMP]
  ignore line: []
  ignore line: [GGC heuristics: --param ggc-min-expand=100 --param ggc-min-heapsize=131072]
  ignore line: [Compiler executable checksum: 646ce6b6ec901493f5c4967578b3bd48]
  ignore line: [COLLECT_GCC_OPTIONS='-v' '-o' 'CMakeFiles/cmTC_2c408.dir/CMakeCXXCompilerABI.cpp.o' '-c' '-shared-libgcc' '-mtune=generic' '-march=x86-64']
  ignore line: [ as -v --64 -o CMakeFiles/cmTC_2c408.dir/CMakeCXXCompilerABI.cpp.o /tmp/ccv6YfDJ.s]
  ignore line: [GNU assembler version 2.27 (x86_64-redhat-linux) using BFD version version 2.27-44.base.el7_9.1]
  ignore line: [COMPILER_PATH=/usr/libexec/gcc/x86_64-pc-linux-gnu/9.3.0/:/usr/libexec/gcc/x86_64-pc-linux-gnu/9.3.0/:/usr/libexec/gcc/x86_64-pc-linux-gnu/:/usr/lib/gcc/x86_64-pc-linux-gnu/9.3.0/:/usr/lib/gcc/x86_64-pc-linux-gnu/]
  ignore line: [LIBRARY_PATH=/usr/lib/gcc/x86_64-pc-linux-gnu/9.3.0/:/usr/lib/gcc/x86_64-pc-linux-gnu/9.3.0/../../../../lib64/:/lib/../lib64/:/usr/lib/../lib64/:./:/usr/local/protobuf/lib/:/usr/local/protobuf/lib/:/usr/lib/gcc/x86_64-pc-linux-gnu/9.3.0/../../../:/lib/:/usr/lib/]
  ignore line: [COLLECT_GCC_OPTIONS='-v' '-o' 'CMakeFiles/cmTC_2c408.dir/CMakeCXXCompilerABI.cpp.o' '-c' '-shared-libgcc' '-mtune=generic' '-march=x86-64']
  ignore line: [Linking CXX executable cmTC_2c408]
  ignore line: [/home/dlr/Downloads/cmake-3.20.6-linux-x86_64/bin/cmake -E cmake_link_script CMakeFiles/cmTC_2c408.dir/link.txt --verbose=1]
  ignore line: [/usr/bin/c++  -v CMakeFiles/cmTC_2c408.dir/CMakeCXXCompilerABI.cpp.o -o cmTC_2c408 ]
  ignore line: [Using built-in specs.]
  ignore line: [COLLECT_GCC=/usr/bin/c++]
  ignore line: [COLLECT_LTO_WRAPPER=/usr/libexec/gcc/x86_64-pc-linux-gnu/9.3.0/lto-wrapper]
  ignore line: [Target: x86_64-pc-linux-gnu]
  ignore line: [Configured with: ../configure --enable-checking=release --enable-language=c c++ --disable-multilib --prefix=/usr]
  ignore line: [Thread model: posix]
  ignore line: [gcc version 9.3.0 (GCC) ]
  ignore line: [COMPILER_PATH=/usr/libexec/gcc/x86_64-pc-linux-gnu/9.3.0/:/usr/libexec/gcc/x86_64-pc-linux-gnu/9.3.0/:/usr/libexec/gcc/x86_64-pc-linux-gnu/:/usr/lib/gcc/x86_64-pc-linux-gnu/9.3.0/:/usr/lib/gcc/x86_64-pc-linux-gnu/]
  ignore line: [LIBRARY_PATH=/usr/lib/gcc/x86_64-pc-linux-gnu/9.3.0/:/usr/lib/gcc/x86_64-pc-linux-gnu/9.3.0/../../../../lib64/:/lib/../lib64/:/usr/lib/../lib64/:./:/usr/local/protobuf/lib/:/usr/local/protobuf/lib/:/usr/lib/gcc/x86_64-pc-linux-gnu/9.3.0/../../../:/lib/:/usr/lib/]
  ignore line: [COLLECT_GCC_OPTIONS='-v' '-o' 'cmTC_2c408' '-shared-libgcc' '-mtune=generic' '-march=x86-64']
  link line: [ /usr/libexec/gcc/x86_64-pc-linux-gnu/9.3.0/collect2 -plugin /usr/libexec/gcc/x86_64-pc-linux-gnu/9.3.0/liblto_plugin.so -plugin-opt=/usr/libexec/gcc/x86_64-pc-linux-gnu/9.3.0/lto-wrapper -plugin-opt=-fresolution=/tmp/cctb5tHL.res -plugin-opt=-pass-through=-lgcc_s -plugin-opt=-pass-through=-lgcc -plugin-opt=-pass-through=-lc -plugin-opt=-pass-through=-lgcc_s -plugin-opt=-pass-through=-lgcc --eh-frame-hdr -m elf_x86_64 -dynamic-linker /lib64/ld-linux-x86-64.so.2 -o cmTC_2c408 /usr/lib/gcc/x86_64-pc-linux-gnu/9.3.0/../../../../lib64/crt1.o /usr/lib/gcc/x86_64-pc-linux-gnu/9.3.0/../../../../lib64/crti.o /usr/lib/gcc/x86_64-pc-linux-gnu/9.3.0/crtbegin.o -L/usr/lib/gcc/x86_64-pc-linux-gnu/9.3.0 -L/usr/lib/gcc/x86_64-pc-linux-gnu/9.3.0/../../../../lib64 -L/lib/../lib64 -L/usr/lib/../lib64 -L. -L/usr/local/protobuf/lib -L/usr/local/protobuf/lib -L/usr/lib/gcc/x86_64-pc-linux-gnu/9.3.0/../../.. CMakeFiles/cmTC_2c408.dir/CMakeCXXCompilerABI.cpp.o -lstdc++ -lm -lgcc_s -lgcc -lc -lgcc_s -lgcc /usr/lib/gcc/x86_64-pc-linux-gnu/9.3.0/crtend.o /usr/lib/gcc/x86_64-pc-linux-gnu/9.3.0/../../../../lib64/crtn.o]
    arg [/usr/libexec/gcc/x86_64-pc-linux-gnu/9.3.0/collect2] ==> ignore
    arg [-plugin] ==> ignore
    arg [/usr/libexec/gcc/x86_64-pc-linux-gnu/9.3.0/liblto_plugin.so] ==> ignore
    arg [-plugin-opt=/usr/libexec/gcc/x86_64-pc-linux-gnu/9.3.0/lto-wrapper] ==> ignore
    arg [-plugin-opt=-fresolution=/tmp/cctb5tHL.res] ==> ignore
    arg [-plugin-opt=-pass-through=-lgcc_s] ==> ignore
    arg [-plugin-opt=-pass-through=-lgcc] ==> ignore
    arg [-plugin-opt=-pass-through=-lc] ==> ignore
    arg [-plugin-opt=-pass-through=-lgcc_s] ==> ignore
    arg [-plugin-opt=-pass-through=-lgcc] ==> ignore
    arg [--eh-frame-hdr] ==> ignore
    arg [-m] ==> ignore
    arg [elf_x86_64] ==> ignore
    arg [-dynamic-linker] ==> ignore
    arg [/lib64/ld-linux-x86-64.so.2] ==> ignore
    arg [-o] ==> ignore
    arg [cmTC_2c408] ==> ignore
    arg [/usr/lib/gcc/x86_64-pc-linux-gnu/9.3.0/../../../../lib64/crt1.o] ==> obj [/usr/lib/gcc/x86_64-pc-linux-gnu/9.3.0/../../../../lib64/crt1.o]
    arg [/usr/lib/gcc/x86_64-pc-linux-gnu/9.3.0/../../../../lib64/crti.o] ==> obj [/usr/lib/gcc/x86_64-pc-linux-gnu/9.3.0/../../../../lib64/crti.o]
    arg [/usr/lib/gcc/x86_64-pc-linux-gnu/9.3.0/crtbegin.o] ==> obj [/usr/lib/gcc/x86_64-pc-linux-gnu/9.3.0/crtbegin.o]
    arg [-L/usr/lib/gcc/x86_64-pc-linux-gnu/9.3.0] ==> dir [/usr/lib/gcc/x86_64-pc-linux-gnu/9.3.0]
    arg [-L/usr/lib/gcc/x86_64-pc-linux-gnu/9.3.0/../../../../lib64] ==> dir [/usr/lib/gcc/x86_64-pc-linux-gnu/9.3.0/../../../../lib64]
    arg [-L/lib/../lib64] ==> dir [/lib/../lib64]
    arg [-L/usr/lib/../lib64] ==> dir [/usr/lib/../lib64]
    arg [-L.] ==> ignore
    arg [-L/usr/local/protobuf/lib] ==> dir [/usr/local/protobuf/lib]
    arg [-L/usr/local/protobuf/lib] ==> dir [/usr/local/protobuf/lib]
    arg [-L/usr/lib/gcc/x86_64-pc-linux-gnu/9.3.0/../../..] ==> dir [/usr/lib/gcc/x86_64-pc-linux-gnu/9.3.0/../../..]
    arg [CMakeFiles/cmTC_2c408.dir/CMakeCXXCompilerABI.cpp.o] ==> ignore
    arg [-lstdc++] ==> lib [stdc++]
    arg [-lm] ==> lib [m]
    arg [-lgcc_s] ==> lib [gcc_s]
    arg [-lgcc] ==> lib [gcc]
    arg [-lc] ==> lib [c]
    arg [-lgcc_s] ==> lib [gcc_s]
    arg [-lgcc] ==> lib [gcc]
    arg [/usr/lib/gcc/x86_64-pc-linux-gnu/9.3.0/crtend.o] ==> obj [/usr/lib/gcc/x86_64-pc-linux-gnu/9.3.0/crtend.o]
    arg [/usr/lib/gcc/x86_64-pc-linux-gnu/9.3.0/../../../../lib64/crtn.o] ==> obj [/usr/lib/gcc/x86_64-pc-linux-gnu/9.3.0/../../../../lib64/crtn.o]
  collapse obj [/usr/lib/gcc/x86_64-pc-linux-gnu/9.3.0/../../../../lib64/crt1.o] ==> [/usr/lib64/crt1.o]
  collapse obj [/usr/lib/gcc/x86_64-pc-linux-gnu/9.3.0/../../../../lib64/crti.o] ==> [/usr/lib64/crti.o]
  collapse obj [/usr/lib/gcc/x86_64-pc-linux-gnu/9.3.0/../../../../lib64/crtn.o] ==> [/usr/lib64/crtn.o]
  collapse library dir [/usr/lib/gcc/x86_64-pc-linux-gnu/9.3.0] ==> [/usr/lib/gcc/x86_64-pc-linux-gnu/9.3.0]
  collapse library dir [/usr/lib/gcc/x86_64-pc-linux-gnu/9.3.0/../../../../lib64] ==> [/usr/lib64]
  collapse library dir [/lib/../lib64] ==> [/lib64]
  collapse library dir [/usr/lib/../lib64] ==> [/usr/lib64]
  collapse library dir [/usr/local/protobuf/lib] ==> [/usr/local/protobuf/lib]
  collapse library dir [/usr/local/protobuf/lib] ==> [/usr/local/protobuf/lib]
  collapse library dir [/usr/lib/gcc/x86_64-pc-linux-gnu/9.3.0/../../..] ==> [/usr/lib]
  implicit libs: [stdc++;m;gcc_s;gcc;c;gcc_s;gcc]
  implicit objs: [/usr/lib64/crt1.o;/usr/lib64/crti.o;/usr/lib/gcc/x86_64-pc-linux-gnu/9.3.0/crtbegin.o;/usr/lib/gcc/x86_64-pc-linux-gnu/9.3.0/crtend.o;/usr/lib64/crtn.o]
  implicit dirs: [/usr/lib/gcc/x86_64-pc-linux-gnu/9.3.0;/usr/lib64;/lib64;/usr/local/protobuf/lib;/usr/lib]
  implicit fwks: []


Determining if the include file pthread.h exists passed with the following output:
Change Dir: /home/dlr/Downloads/c-_Boost_Search/cpp-httplib/CMakeFiles/CMakeTmp

Run Build Command(s):/usr/bin/gmake -f Makefile cmTC_e2b1f/fast && /usr/bin/gmake  -f CMakeFiles/cmTC_e2b1f.dir/build.make CMakeFiles/cmTC_e2b1f.dir/build
gmake[1]: Entering directory `/home/dlr/Downloads/c-_Boost_Search/cpp-httplib/CMakeFiles/CMakeTmp'
Building CXX object CMakeFiles/cmTC_e2b1f.dir/CheckIncludeFile.cxx.o
/usr/bin/c++    -o CMakeFiles/cmTC_e2b1f.dir/CheckIncludeFile.cxx.o -c /home/dlr/Downloads/c-_Boost_Search/cpp-httplib/CMakeFiles/CMakeTmp/CheckIncludeFile.cxx
Linking CXX executable cmTC_e2b1f
/home/dlr/Downloads/cmake-3.20.6-linux-x86_64/bin/cmake -E cmake_link_script CMakeFiles/cmTC_e2b1f.dir/link.txt --verbose=1
/usr/bin/c++ CMakeFiles/cmTC_e2b1f.dir/CheckIncludeFile.cxx.o -o cmTC_e2b1f 
gmake[1]: Leaving directory `/home/dlr/Downloads/c-_Boost_Search/cpp-httplib/CMakeFiles/CMakeTmp'



